{"name": "test_fail5", "status": "failed", "statusDetails": {"message": "AssertionError: assert False", "trace": "def test_fail5():\n>       assert False\nE       assert False\n\ntests\\test_fail.py:14: AssertionError"}, "start": 1768634262404, "stop": 1768634262405, "uuid": "cc1dfa28-3d11-4e37-9324-1b53a6138925", "historyId": "5e741e76a541d0f3d9421108babcc849", "testCaseId": "5e741e76a541d0f3d9421108babcc849", "fullName": "tests.test_fail#test_fail5", "labels": [{"name": "parentSuite", "value": "tests"}, {"name": "suite", "value": "test_fail"}, {"name": "host", "value": "KOMPUTER"}, {"name": "thread", "value": "4784-MainThread"}, {"name": "framework", "value": "pytest"}, {"name": "language", "value": "cpython3"}, {"name": "package", "value": "tests.test_fail"}], "titlePath": ["tests", "test_fail.py"]}