{"name": "test_fail1", "status": "failed", "statusDetails": {"message": "AssertionError: assert False", "trace": "def test_fail1():\n>       assert False\nE       assert False\n\ntests\\test_fail.py:2: AssertionError"}, "start": 1768634262326, "stop": 1768634262326, "uuid": "180722e3-526c-4212-ad28-434cebddc4ac", "historyId": "a7325c86b11237c538c480ac1b9dd8d6", "testCaseId": "a7325c86b11237c538c480ac1b9dd8d6", "fullName": "tests.test_fail#test_fail1", "labels": [{"name": "parentSuite", "value": "tests"}, {"name": "suite", "value": "test_fail"}, {"name": "host", "value": "KOMPUTER"}, {"name": "thread", "value": "4784-MainThread"}, {"name": "framework", "value": "pytest"}, {"name": "language", "value": "cpython3"}, {"name": "package", "value": "tests.test_fail"}], "titlePath": ["tests", "test_fail.py"]}