{"name": "test_fail3", "status": "failed", "statusDetails": {"message": "AssertionError: assert False", "trace": "def test_fail3():\n>       assert False\nE       assert False\n\ntests\\test_fail.py:8: AssertionError"}, "start": 1768634262398, "stop": 1768634262398, "uuid": "353af32f-5908-4e00-9861-e73ff84f90c2", "historyId": "85f1ba8a367b705ef4badba28254ff65", "testCaseId": "85f1ba8a367b705ef4badba28254ff65", "fullName": "tests.test_fail#test_fail3", "labels": [{"name": "parentSuite", "value": "tests"}, {"name": "suite", "value": "test_fail"}, {"name": "host", "value": "KOMPUTER"}, {"name": "thread", "value": "4784-MainThread"}, {"name": "framework", "value": "pytest"}, {"name": "language", "value": "cpython3"}, {"name": "package", "value": "tests.test_fail"}], "titlePath": ["tests", "test_fail.py"]}