{"name": "test_fail6", "status": "failed", "statusDetails": {"message": "AssertionError: assert False", "trace": "def test_fail6():\n>       assert False\nE       assert False\n\ntests\\test_fail.py:17: AssertionError"}, "start": 1768634262407, "stop": 1768634262407, "uuid": "b3069e71-1d04-4cbb-8dc7-ebb30ac892e6", "historyId": "b6e71a6e7ecac9c4dc4c701acecc7493", "testCaseId": "b6e71a6e7ecac9c4dc4c701acecc7493", "fullName": "tests.test_fail#test_fail6", "labels": [{"name": "parentSuite", "value": "tests"}, {"name": "suite", "value": "test_fail"}, {"name": "host", "value": "KOMPUTER"}, {"name": "thread", "value": "4784-MainThread"}, {"name": "framework", "value": "pytest"}, {"name": "language", "value": "cpython3"}, {"name": "package", "value": "tests.test_fail"}], "titlePath": ["tests", "test_fail.py"]}