{"name": "test_fail7", "status": "failed", "statusDetails": {"message": "AssertionError: assert False", "trace": "def test_fail7():\n>       assert False\nE       assert False\n\ntests\\test_fail.py:20: AssertionError"}, "start": 1768634262410, "stop": 1768634262410, "uuid": "8418a61c-53c9-4f6e-947f-544817007e29", "historyId": "a9b7f64a1c604b1e74075ca8b47abd7a", "testCaseId": "a9b7f64a1c604b1e74075ca8b47abd7a", "fullName": "tests.test_fail#test_fail7", "labels": [{"name": "parentSuite", "value": "tests"}, {"name": "suite", "value": "test_fail"}, {"name": "host", "value": "KOMPUTER"}, {"name": "thread", "value": "4784-MainThread"}, {"name": "framework", "value": "pytest"}, {"name": "language", "value": "cpython3"}, {"name": "package", "value": "tests.test_fail"}], "titlePath": ["tests", "test_fail.py"]}