{"name": "test_fail2", "status": "failed", "statusDetails": {"message": "AssertionError: assert False", "trace": "def test_fail2():\n>       assert False\nE       assert False\n\ntests\\test_fail.py:5: AssertionError"}, "start": 1768634262386, "stop": 1768634262386, "uuid": "a8eb2154-bc6c-45c8-b75f-c68d4da95a5b", "historyId": "43dedf1ef931d11918e6b05b9130314b", "testCaseId": "43dedf1ef931d11918e6b05b9130314b", "fullName": "tests.test_fail#test_fail2", "labels": [{"name": "parentSuite", "value": "tests"}, {"name": "suite", "value": "test_fail"}, {"name": "host", "value": "KOMPUTER"}, {"name": "thread", "value": "4784-MainThread"}, {"name": "framework", "value": "pytest"}, {"name": "language", "value": "cpython3"}, {"name": "package", "value": "tests.test_fail"}], "titlePath": ["tests", "test_fail.py"]}