{"name": "test_fail4", "status": "failed", "statusDetails": {"message": "AssertionError: assert False", "trace": "def test_fail4():\n>       assert False\nE       assert False\n\ntests\\test_fail.py:11: AssertionError"}, "start": 1768634262401, "stop": 1768634262401, "uuid": "a7a181d4-c7b4-4ebf-94b0-7e5beb9df1c4", "historyId": "43466241679c92d7687faf19142cc138", "testCaseId": "43466241679c92d7687faf19142cc138", "fullName": "tests.test_fail#test_fail4", "labels": [{"name": "parentSuite", "value": "tests"}, {"name": "suite", "value": "test_fail"}, {"name": "host", "value": "KOMPUTER"}, {"name": "thread", "value": "4784-MainThread"}, {"name": "framework", "value": "pytest"}, {"name": "language", "value": "cpython3"}, {"name": "package", "value": "tests.test_fail"}], "titlePath": ["tests", "test_fail.py"]}